2025-04-07T21:01:38.608+02:00  INFO 21092 --- [backend] [restartedMain] com.tfg.backend.BackendApplication       : Starting BackendApplication using Java 23.0.1 with PID 21092 (C:\Users\pavon\Documents\GitHub\TFG\backend\build\classes\java\main started by pavon in C:\Users\pavon\Documents\GitHub\TFG\backend)
2025-04-07T21:01:38.611+02:00  INFO 21092 --- [backend] [restartedMain] com.tfg.backend.BackendApplication       : No active profile set, falling back to 1 default profile: "default"
2025-04-07T21:01:38.649+02:00  INFO 21092 --- [backend] [restartedMain] .e.DevToolsPropertyDefaultsPostProcessor : Devtools property defaults active! Set 'spring.devtools.add-properties' to 'false' to disable
2025-04-07T21:01:38.649+02:00  INFO 21092 --- [backend] [restartedMain] .e.DevToolsPropertyDefaultsPostProcessor : For additional web related logging consider setting the 'logging.level.web' property to 'DEBUG'
2025-04-07T21:01:39.323+02:00  INFO 21092 --- [backend] [restartedMain] .s.d.r.c.RepositoryConfigurationDelegate : Bootstrapping Spring Data JPA repositories in DEFAULT mode.
2025-04-07T21:01:39.377+02:00  INFO 21092 --- [backend] [restartedMain] .s.d.r.c.RepositoryConfigurationDelegate : Finished Spring Data repository scanning in 48 ms. Found 8 JPA repository interfaces.
2025-04-07T21:01:39.818+02:00  INFO 21092 --- [backend] [restartedMain] o.s.b.w.embedded.tomcat.TomcatWebServer  : Tomcat initialized with port 8080 (http)
2025-04-07T21:01:39.831+02:00  INFO 21092 --- [backend] [restartedMain] o.apache.catalina.core.StandardService   : Starting service [Tomcat]
2025-04-07T21:01:39.831+02:00  INFO 21092 --- [backend] [restartedMain] o.apache.catalina.core.StandardEngine    : Starting Servlet engine: [Apache Tomcat/10.1.39]
2025-04-07T21:01:39.871+02:00  INFO 21092 --- [backend] [restartedMain] o.a.c.c.C.[Tomcat].[localhost].[/]       : Initializing Spring embedded WebApplicationContext
2025-04-07T21:01:39.872+02:00  INFO 21092 --- [backend] [restartedMain] w.s.c.ServletWebServerApplicationContext : Root WebApplicationContext: initialization completed in 1222 ms
2025-04-07T21:01:40.014+02:00  INFO 21092 --- [backend] [restartedMain] o.hibernate.jpa.internal.util.LogHelper  : HHH000204: Processing PersistenceUnitInfo [name: default]
2025-04-07T21:01:40.082+02:00  INFO 21092 --- [backend] [restartedMain] org.hibernate.Version                    : HHH000412: Hibernate ORM core version 6.6.11.Final
2025-04-07T21:01:40.114+02:00  INFO 21092 --- [backend] [restartedMain] o.h.c.internal.RegionFactoryInitiator    : HHH000026: Second-level cache disabled
2025-04-07T21:01:40.337+02:00  INFO 21092 --- [backend] [restartedMain] o.s.o.j.p.SpringPersistenceUnitInfo      : No LoadTimeWeaver setup: ignoring JPA class transformer
2025-04-07T21:01:40.357+02:00  INFO 21092 --- [backend] [restartedMain] com.zaxxer.hikari.HikariDataSource       : HikariPool-1 - Starting...
2025-04-07T21:01:40.965+02:00  INFO 21092 --- [backend] [restartedMain] com.zaxxer.hikari.pool.HikariPool        : HikariPool-1 - Added connection com.mysql.cj.jdbc.ConnectionImpl@fa9b2f9
2025-04-07T21:01:40.966+02:00  INFO 21092 --- [backend] [restartedMain] com.zaxxer.hikari.HikariDataSource       : HikariPool-1 - Start completed.
2025-04-07T21:01:41.082+02:00  WARN 21092 --- [backend] [restartedMain] org.hibernate.orm.deprecation            : HHH90000025: MySQLDialect does not need to be specified explicitly using 'hibernate.dialect' (remove the property setting and it will be selected by default)
2025-04-07T21:01:41.099+02:00  INFO 21092 --- [backend] [restartedMain] org.hibernate.orm.connections.pooling    : HHH10001005: Database info:
	Database JDBC URL [Connecting through datasource 'HikariDataSource (HikariPool-1)']
	Database driver: undefined/unknown
	Database version: 9.2
	Autocommit mode: undefined/unknown
	Isolation level: undefined/unknown
	Minimum pool size: undefined/unknown
	Maximum pool size: undefined/unknown
2025-04-07T21:01:41.825+02:00  INFO 21092 --- [backend] [restartedMain] o.h.e.t.j.p.i.JtaPlatformInitiator       : HHH000489: No JTA platform available (set 'hibernate.transaction.jta.platform' to enable JTA platform integration)
2025-04-07T21:01:42.949+02:00  INFO 21092 --- [backend] [restartedMain] j.LocalContainerEntityManagerFactoryBean : Initialized JPA EntityManagerFactory for persistence unit 'default'
2025-04-07T21:01:43.257+02:00  INFO 21092 --- [backend] [restartedMain] eAuthenticationProviderManagerConfigurer : Global AuthenticationManager configured with AuthenticationProvider bean with name authenticationProvider
2025-04-07T21:01:43.258+02:00  WARN 21092 --- [backend] [restartedMain] r$InitializeUserDetailsManagerConfigurer : Global AuthenticationManager configured with an AuthenticationProvider bean. UserDetailsService beans will not be used by Spring Security for automatically configuring username/password login. Consider removing the AuthenticationProvider bean. Alternatively, consider using the UserDetailsService in a manually instantiated DaoAuthenticationProvider. If the current configuration is intentional, to turn off this warning, increase the logging level of 'org.springframework.security.config.annotation.authentication.configuration.InitializeUserDetailsBeanManagerConfigurer' to ERROR
2025-04-07T21:01:43.301+02:00  WARN 21092 --- [backend] [restartedMain] JpaBaseConfiguration$JpaWebConfiguration : spring.jpa.open-in-view is enabled by default. Therefore, database queries may be performed during view rendering. Explicitly configure spring.jpa.open-in-view to disable this warning
2025-04-07T21:01:43.685+02:00  INFO 21092 --- [backend] [restartedMain] o.s.d.j.r.query.QueryEnhancerFactory     : Hibernate is in classpath; If applicable, HQL parser will be used.
2025-04-07T21:01:44.078+02:00  INFO 21092 --- [backend] [restartedMain] o.s.b.d.a.OptionalLiveReloadServer       : LiveReload server is running on port 35729
2025-04-07T21:01:44.101+02:00  INFO 21092 --- [backend] [restartedMain] o.s.b.w.embedded.tomcat.TomcatWebServer  : Tomcat started on port 8080 (http) with context path '/'
2025-04-07T21:01:44.106+02:00  INFO 21092 --- [backend] [restartedMain] com.tfg.backend.BackendApplication       : Started BackendApplication in 5.802 seconds (process running for 6.727)
2025-04-07T21:01:49.250+02:00  INFO 21092 --- [backend] [SpringApplicationShutdownHook] o.s.b.w.e.tomcat.GracefulShutdown        : Commencing graceful shutdown. Waiting for active requests to complete
2025-04-07T21:01:49.252+02:00  INFO 21092 --- [backend] [tomcat-shutdown] o.s.b.w.e.tomcat.GracefulShutdown        : Graceful shutdown complete
2025-04-07T21:01:49.256+02:00  INFO 21092 --- [backend] [SpringApplicationShutdownHook] j.LocalContainerEntityManagerFactoryBean : Closing JPA EntityManagerFactory for persistence unit 'default'
2025-04-07T21:01:49.257+02:00  INFO 21092 --- [backend] [SpringApplicationShutdownHook] com.zaxxer.hikari.HikariDataSource       : HikariPool-1 - Shutdown initiated...
2025-04-07T21:01:49.597+02:00  INFO 21092 --- [backend] [SpringApplicationShutdownHook] com.zaxxer.hikari.HikariDataSource       : HikariPool-1 - Shutdown completed.
