2025-04-26T18:24:14.574+02:00  INFO 22568 --- [backend] [restartedMain] com.tfg.backend.BackendApplication       : Starting BackendApplication using Java 23.0.1 with PID 22568 (C:\Users\pavon\Documents\GitHub\TFG\proyecto\backend\build\classes\java\main started by pavon in C:\Users\pavon\Documents\GitHub\TFG\proyecto\backend)
2025-04-26T18:24:14.577+02:00  INFO 22568 --- [backend] [restartedMain] com.tfg.backend.BackendApplication       : No active profile set, falling back to 1 default profile: "default"
2025-04-26T18:24:14.622+02:00  INFO 22568 --- [backend] [restartedMain] .e.DevToolsPropertyDefaultsPostProcessor : Devtools property defaults active! Set 'spring.devtools.add-properties' to 'false' to disable
2025-04-26T18:24:14.623+02:00  INFO 22568 --- [backend] [restartedMain] .e.DevToolsPropertyDefaultsPostProcessor : For additional web related logging consider setting the 'logging.level.web' property to 'DEBUG'
2025-04-26T18:24:15.444+02:00  INFO 22568 --- [backend] [restartedMain] .s.d.r.c.RepositoryConfigurationDelegate : Bootstrapping Spring Data JPA repositories in DEFAULT mode.
2025-04-26T18:24:15.502+02:00  INFO 22568 --- [backend] [restartedMain] .s.d.r.c.RepositoryConfigurationDelegate : Finished Spring Data repository scanning in 52 ms. Found 8 JPA repository interfaces.
2025-04-26T18:24:15.901+02:00  INFO 22568 --- [backend] [restartedMain] o.s.b.w.embedded.tomcat.TomcatWebServer  : Tomcat initialized with port 8080 (http)
2025-04-26T18:24:15.912+02:00  INFO 22568 --- [backend] [restartedMain] o.apache.catalina.core.StandardService   : Starting service [Tomcat]
2025-04-26T18:24:15.913+02:00  INFO 22568 --- [backend] [restartedMain] o.apache.catalina.core.StandardEngine    : Starting Servlet engine: [Apache Tomcat/10.1.39]
2025-04-26T18:24:15.944+02:00  INFO 22568 --- [backend] [restartedMain] o.a.c.c.C.[Tomcat].[localhost].[/]       : Initializing Spring embedded WebApplicationContext
2025-04-26T18:24:15.944+02:00  INFO 22568 --- [backend] [restartedMain] w.s.c.ServletWebServerApplicationContext : Root WebApplicationContext: initialization completed in 1321 ms
2025-04-26T18:24:16.037+02:00  INFO 22568 --- [backend] [restartedMain] o.hibernate.jpa.internal.util.LogHelper  : HHH000204: Processing PersistenceUnitInfo [name: default]
2025-04-26T18:24:16.081+02:00  INFO 22568 --- [backend] [restartedMain] org.hibernate.Version                    : HHH000412: Hibernate ORM core version 6.6.11.Final
2025-04-26T18:24:16.104+02:00  INFO 22568 --- [backend] [restartedMain] o.h.c.internal.RegionFactoryInitiator    : HHH000026: Second-level cache disabled
2025-04-26T18:24:16.313+02:00  INFO 22568 --- [backend] [restartedMain] o.s.o.j.p.SpringPersistenceUnitInfo      : No LoadTimeWeaver setup: ignoring JPA class transformer
2025-04-26T18:24:16.335+02:00  INFO 22568 --- [backend] [restartedMain] com.zaxxer.hikari.HikariDataSource       : HikariPool-1 - Starting...
2025-04-26T18:24:17.050+02:00  INFO 22568 --- [backend] [restartedMain] com.zaxxer.hikari.pool.HikariPool        : HikariPool-1 - Added connection com.mysql.cj.jdbc.ConnectionImpl@6d37ef22
2025-04-26T18:24:17.052+02:00  INFO 22568 --- [backend] [restartedMain] com.zaxxer.hikari.HikariDataSource       : HikariPool-1 - Start completed.
2025-04-26T18:24:17.171+02:00  WARN 22568 --- [backend] [restartedMain] org.hibernate.orm.deprecation            : HHH90000025: MySQLDialect does not need to be specified explicitly using 'hibernate.dialect' (remove the property setting and it will be selected by default)
2025-04-26T18:24:17.183+02:00  INFO 22568 --- [backend] [restartedMain] org.hibernate.orm.connections.pooling    : HHH10001005: Database info:
	Database JDBC URL [Connecting through datasource 'HikariDataSource (HikariPool-1)']
	Database driver: undefined/unknown
	Database version: 9.2
	Autocommit mode: undefined/unknown
	Isolation level: undefined/unknown
	Minimum pool size: undefined/unknown
	Maximum pool size: undefined/unknown
2025-04-26T18:24:17.914+02:00  INFO 22568 --- [backend] [restartedMain] o.h.e.t.j.p.i.JtaPlatformInitiator       : HHH000489: No JTA platform available (set 'hibernate.transaction.jta.platform' to enable JTA platform integration)
2025-04-26T18:24:25.648+02:00  INFO 22568 --- [backend] [restartedMain] j.LocalContainerEntityManagerFactoryBean : Initialized JPA EntityManagerFactory for persistence unit 'default'
2025-04-26T18:24:26.053+02:00  INFO 22568 --- [backend] [restartedMain] eAuthenticationProviderManagerConfigurer : Global AuthenticationManager configured with AuthenticationProvider bean with name authenticationProvider
2025-04-26T18:24:26.054+02:00  WARN 22568 --- [backend] [restartedMain] r$InitializeUserDetailsManagerConfigurer : Global AuthenticationManager configured with an AuthenticationProvider bean. UserDetailsService beans will not be used by Spring Security for automatically configuring username/password login. Consider removing the AuthenticationProvider bean. Alternatively, consider using the UserDetailsService in a manually instantiated DaoAuthenticationProvider. If the current configuration is intentional, to turn off this warning, increase the logging level of 'org.springframework.security.config.annotation.authentication.configuration.InitializeUserDetailsBeanManagerConfigurer' to ERROR
2025-04-26T18:24:26.242+02:00  INFO 22568 --- [backend] [restartedMain] o.s.d.j.r.query.QueryEnhancerFactory     : Hibernate is in classpath; If applicable, HQL parser will be used.
2025-04-26T18:24:26.703+02:00  WARN 22568 --- [backend] [restartedMain] JpaBaseConfiguration$JpaWebConfiguration : spring.jpa.open-in-view is enabled by default. Therefore, database queries may be performed during view rendering. Explicitly configure spring.jpa.open-in-view to disable this warning
2025-04-26T18:24:27.233+02:00  INFO 22568 --- [backend] [restartedMain] o.s.b.d.a.OptionalLiveReloadServer       : LiveReload server is running on port 35729
2025-04-26T18:24:27.274+02:00  INFO 22568 --- [backend] [restartedMain] o.s.b.w.embedded.tomcat.TomcatWebServer  : Tomcat started on port 8080 (http) with context path '/'
2025-04-26T18:24:27.282+02:00  INFO 22568 --- [backend] [restartedMain] com.tfg.backend.BackendApplication       : Started BackendApplication in 13.048 seconds (process running for 15.305)
2025-04-26T19:07:33.544+02:00  WARN 22568 --- [backend] [HikariPool-1 housekeeper] com.zaxxer.hikari.pool.HikariPool        : HikariPool-1 - Thread starvation or clock leap detected (housekeeper delta=19m46s234ms340µs400ns).
